# JRE version: Java(TM) SE Runtime Environment (8.0_202-b08) (build 1.8.0_202-b08)
# Java VM: Java HotSpot(TM) 64-Bit Server VM (25.202-b08 mixed mode windows-amd64 compressed oops)
Heap:
 PSYoungGen      total 201728K, used 57686K [0x00000000eab00000, 0x0000000100000000, 0x0000000100000000)
  eden space 137216K, 12% used [0x00000000eab00000,0x00000000ebb39358,0x00000000f3100000)
  from space 64512K, 63% used [0x00000000fc100000,0x00000000fe91c738,0x0000000100000000)
  to   space 105984K, 0% used [0x00000000f3100000,0x00000000f3100000,0x00000000f9880000)
 ParOldGen       total 314368K, used 177009K [0x00000000c0000000, 0x00000000d3300000, 0x00000000eab00000)
  object space 314368K, 56% used [0x00000000c0000000,0x00000000cacdc690,0x00000000d3300000)
 Metaspace       used 6736K, capacity 7384K, committed 7680K, reserved 1056768K
  class space    used 633K, capacity 656K, committed 768K, reserved 1048576K
GC Heap History (10 events):
Event: 3.082 GC heap before
{Heap before GC invocations=8 (full 1):
 PSYoungGen      total 295424K, used 31743K [0x00000000eab00000, 0x0000000100000000, 0x0000000100000000)
  eden space 263680K, 0% used [0x00000000eab00000,0x00000000eab00000,0x00000000fac80000)
  from space 31744K, 99% used [0x00000000fac80000,0x00000000fcb7fd00,0x00000000fcb80000)
  to   space 52224K, 0% used [0x00000000fcd00000,0x00000000fcd00000,0x0000000100000000)
 ParOldGen       total 87552K, used 85695K [0x00000000c0000000, 0x00000000c5580000, 0x00000000eab00000)
  object space 87552K, 97% used [0x00000000c0000000,0x00000000c53afde0,0x00000000c5580000)
 Metaspace       used 6653K, capacity 7384K, committed 7680K, reserved 1056768K
  class space    used 631K, capacity 656K, committed 768K, reserved 1048576K
Event: 3.932 GC heap after
Heap after GC invocations=8 (full 1):
 PSYoungGen      total 295424K, used 24494K [0x00000000eab00000, 0x0000000100000000, 0x0000000100000000)
  eden space 263680K, 0% used [0x00000000eab00000,0x00000000eab00000,0x00000000fac80000)
  from space 31744K, 77% used [0x00000000fac80000,0x00000000fc46ba08,0x00000000fcb80000)
  to   space 52224K, 0% used [0x00000000fcd00000,0x00000000fcd00000,0x0000000100000000)
 ParOldGen       total 177152K, used 87130K [0x00000000c0000000, 0x00000000cad00000, 0x00000000eab00000)
  object space 177152K, 49% used [0x00000000c0000000,0x00000000c5516808,0x00000000cad00000)
 Metaspace       used 6653K, capacity 7384K, committed 7680K, reserved 1056768K
  class space    used 631K, capacity 656K, committed 768K, reserved 1048576K
}
Event: 4.592 GC heap before
{Heap before GC invocations=9 (full 1):
 PSYoungGen      total 295424K, used 288174K [0x00000000eab00000, 0x0000000100000000, 0x0000000100000000)
  eden space 263680K, 100% used [0x00000000eab00000,0x00000000fac80000,0x00000000fac80000)
  from space 31744K, 77% used [0x00000000fac80000,0x00000000fc46ba08,0x00000000fcb80000)
  to   space 52224K, 0% used [0x00000000fcd00000,0x00000000fcd00000,0x0000000100000000)
 ParOldGen       total 177152K, used 87130K [0x00000000c0000000, 0x00000000cad00000, 0x00000000eab00000)
  object space 177152K, 49% used [0x00000000c0000000,0x00000000c5516808,0x00000000cad00000)
 Metaspace       used 6689K, capacity 7384K, committed 7680K, reserved 1056768K
  class space    used 633K, capacity 656K, committed 768K, reserved 1048576K
Event: 4.685 GC heap after
Heap after GC invocations=9 (full 1):
 PSYoungGen      total 272384K, used 52206K [0x00000000eab00000, 0x0000000100000000, 0x0000000100000000)
  eden space 220160K, 0% used [0x00000000eab00000,0x00000000eab00000,0x00000000f8200000)
  from space 52224K, 99% used [0x00000000fcd00000,0x00000000ffffbac8,0x0000000100000000)
  to   space 64512K, 0% used [0x00000000f8200000,0x00000000f8200000,0x00000000fc100000)
 ParOldGen       total 177152K, used 94193K [0x00000000c0000000, 0x00000000cad00000, 0x00000000eab00000)
  object space 177152K, 53% used [0x00000000c0000000,0x00000000c5bfc538,0x00000000cad00000)
 Metaspace       used 6689K, capacity 7384K, committed 7680K, reserved 1056768K
  class space    used 633K, capacity 656K, committed 768K, reserved 1048576K
}
Event: 5.190 GC heap before
{Heap before GC invocations=10 (full 1):
 PSYoungGen      total 272384K, used 272366K [0x00000000eab00000, 0x0000000100000000, 0x0000000100000000)
  eden space 220160K, 100% used [0x00000000eab00000,0x00000000f8200000,0x00000000f8200000)
  from space 52224K, 99% used [0x00000000fcd00000,0x00000000ffffbac8,0x0000000100000000)
  to   space 64512K, 0% used [0x00000000f8200000,0x00000000f8200000,0x00000000fc100000)
 ParOldGen       total 177152K, used 94193K [0x00000000c0000000, 0x00000000cad00000, 0x00000000eab00000)
  object space 177152K, 53% used [0x00000000c0000000,0x00000000c5bfc538,0x00000000cad00000)
 Metaspace       used 6723K, capacity 7384K, committed 7680K, reserved 1056768K
  class space    used 633K, capacity 656K, committed 768K, reserved 1048576K
Event: 5.297 GC heap after
Heap after GC invocations=10 (full 1):
 PSYoungGen      total 284672K, used 64485K [0x00000000eab00000, 0x0000000100000000, 0x0000000100000000)
  eden space 220160K, 0% used [0x00000000eab00000,0x00000000eab00000,0x00000000f8200000)
  from space 64512K, 99% used [0x00000000f8200000,0x00000000fc0f9400,0x00000000fc100000)
  to   space 64512K, 0% used [0x00000000fc100000,0x00000000fc100000,0x0000000100000000)
 ParOldGen       total 177152K, used 117706K [0x00000000c0000000, 0x00000000cad00000, 0x00000000eab00000)
  object space 177152K, 66% used [0x00000000c0000000,0x00000000c72f2a78,0x00000000cad00000)
 Metaspace       used 6723K, capacity 7384K, committed 7680K, reserved 1056768K
  class space    used 633K, capacity 656K, committed 768K, reserved 1048576K
}
Event: 5.773 GC heap before
{Heap before GC invocations=11 (full 1):
 PSYoungGen      total 284672K, used 284645K [0x00000000eab00000, 0x0000000100000000, 0x0000000100000000)
  eden space 220160K, 100% used [0x00000000eab00000,0x00000000f8200000,0x00000000f8200000)
  from space 64512K, 99% used [0x00000000f8200000,0x00000000fc0f9400,0x00000000fc100000)
  to   space 64512K, 0% used [0x00000000fc100000,0x00000000fc100000,0x0000000100000000)
 ParOldGen       total 177152K, used 117706K [0x00000000c0000000, 0x00000000cad00000, 0x00000000eab00000)
  object space 177152K, 66% used [0x00000000c0000000,0x00000000c72f2a78,0x00000000cad00000)
 Metaspace       used 6736K, capacity 7384K, committed 7680K, reserved 1056768K
  class space    used 633K, capacity 656K, committed 768K, reserved 1048576K
Event: 5.960 GC heap after
Heap after GC invocations=11 (full 1):
 PSYoungGen      total 201728K, used 64481K [0x00000000eab00000, 0x0000000100000000, 0x0000000100000000)
  eden space 137216K, 0% used [0x00000000eab00000,0x00000000eab00000,0x00000000f3100000)
  from space 64512K, 99% used [0x00000000fc100000,0x00000000ffff86d8,0x0000000100000000)
  to   space 105984K, 0% used [0x00000000f3100000,0x00000000f3100000,0x00000000f9880000)
 ParOldGen       total 177152K, used 159139K [0x00000000c0000000, 0x00000000cad00000, 0x00000000eab00000)
  object space 177152K, 89% used [0x00000000c0000000,0x00000000c9b68c90,0x00000000cad00000)
 Metaspace       used 6736K, capacity 7384K, committed 7680K, reserved 1056768K
  class space    used 633K, capacity 656K, committed 768K, reserved 1048576K
}
Event: 5.960 GC heap before
{Heap before GC invocations=12 (full 2):
 PSYoungGen      total 201728K, used 64481K [0x00000000eab00000, 0x0000000100000000, 0x0000000100000000)
  eden space 137216K, 0% used [0x00000000eab00000,0x00000000eab00000,0x00000000f3100000)
  from space 64512K, 99% used [0x00000000fc100000,0x00000000ffff86d8,0x0000000100000000)
  to   space 105984K, 0% used [0x00000000f3100000,0x00000000f3100000,0x00000000f9880000)
 ParOldGen       total 177152K, used 159139K [0x00000000c0000000, 0x00000000cad00000, 0x00000000eab00000)
  object space 177152K, 89% used [0x00000000c0000000,0x00000000c9b68c90,0x00000000cad00000)
 Metaspace       used 6736K, capacity 7384K, committed 7680K, reserved 1056768K
  class space    used 633K, capacity 656K, committed 768K, reserved 1048576K
Event: 7.105 GC heap after
Heap after GC invocations=12 (full 2):
 PSYoungGen      total 201728K, used 41073K [0x00000000eab00000, 0x0000000100000000, 0x0000000100000000)
  eden space 137216K, 0% used [0x00000000eab00000,0x00000000eab00000,0x00000000f3100000)
  from space 64512K, 63% used [0x00000000fc100000,0x00000000fe91c738,0x0000000100000000)
  to   space 105984K, 0% used [0x00000000f3100000,0x00000000f3100000,0x00000000f9880000)
 ParOldGen       total 314368K, used 177009K [0x00000000c0000000, 0x00000000d3300000, 0x00000000eab00000)
  object space 314368K, 56% used [0x00000000c0000000,0x00000000cacdc690,0x00000000d3300000)
 Metaspace       used 6736K, capacity 7384K, committed 7680K, reserved 1056768K
  class space    used 633K, capacity 656K, committed 768K, reserved 1048576K
}

